<?xml version="1.0" encoding="UTF-8"?>
<!-- Generated by org.testng.reporters.JUnitXMLReporter -->
<testsuite hostname="DESKTOP-BBO84C5" ignored="0" name="NewUserRegistration" tests="3" failures="1" timestamp="2021-04-05T01:39:56 IST" time="24.257" errors="0">
  <testcase name="verifyIndiaMobileCode" time="1.299" classname="com.sumanth.frameworklearning.end2endproject.newuserregistration.VerifyIndiaMobileCodeTest"/>
  <testcase name="verifyemailoptionaltag" time="1.577" classname="com.sumanth.frameworklearning.end2endproject.newuserregistration.VerifyEmailIdOptionalTextTest"/>
  <testcase name="existingUserRegistration" time="3.018" classname="com.sumanth.frameworklearning.end2endproject.newuserregistration.UserRegisTest">
    <failure type="java.lang.AssertionError" message="Existing user registration successful even though email id sumanth.suvarna@gmail.com already exists !!!">
      <![CDATA[java.lang.AssertionError: Existing user registration successful even though email id sumanth.suvarna@gmail.com already exists !!!
at org.junit.Assert.fail(Assert.java:88)
at org.junit.Assert.assertTrue(Assert.java:41)
at com.sumanth.frameworklearning.end2endproject.newuserregistration.UserRegisTest.existingUserRegistration(UserRegisTest.java:89)
at java.util.ArrayList.forEach(ArrayList.java:1257)
... Removed 31 stack frames]]>
    </failure>
  </testcase> <!-- existingUserRegistration -->
</testsuite> <!-- NewUserRegistration -->
