-------------------------------------------------------------------------------
Test set: TestSuite
-------------------------------------------------------------------------------
Tests run: 4, Failures: 1, Errors: 0, Skipped: 0, Time elapsed: 29.965 s <<< FAILURE! - in TestSuite
existingUserRegistration(com.sumanth.frameworklearning.end2endproject.newuserregistration.UserRegisTest)  Time elapsed: 3.024 s  <<< FAILURE!
java.lang.AssertionError: Existing user registration successful even though email id sumanth.suvarna@gmail.com already exists !!!
	at com.sumanth.frameworklearning.end2endproject.newuserregistration.UserRegisTest.existingUserRegistration(UserRegisTest.java:89)

