<?xml version="1.0" encoding="UTF-8"?>
<testsuite xmlns:xsi="http://www.w3.org/2001/XMLSchema-instance" xsi:noNamespaceSchemaLocation="https://maven.apache.org/surefire/maven-surefire-plugin/xsd/surefire-test-report.xsd" name="TestSuite" time="29.965" tests="4" errors="0" skipped="0" failures="1">
  <properties>
[...]
</properties>
  <testcase name="launchURL" classname="com.sumanth.frameworklearning.end2endproject.launchpage.LaunchURLTest" time="1.951"/>
  <testcase name="verifyIndiaMobileCode" classname="com.sumanth.frameworklearning.end2endproject.newuserregistration.VerifyIndiaMobileCodeTest" time="1.299"/>
  <testcase name="verifyemailoptionaltag" classname="com.sumanth.frameworklearning.end2endproject.newuserregistration.VerifyEmailIdOptionalTextTest" time="1.577"/>
  <testcase name="existingUserRegistration" classname="com.sumanth.frameworklearning.end2endproject.newuserregistration.UserRegisTest" time="3.024">
    <failure message="Existing user registration successful even though email id sumanth.suvarna@gmail.com already exists !!!" type="java.lang.AssertionError">java.lang.AssertionError: Existing user registration successful even though email id sumanth.suvarna@gmail.com already exists !!!
	at com.sumanth.frameworklearning.end2endproject.newuserregistration.UserRegisTest.existingUserRegistration(UserRegisTest.java:89)
</failure>
    <system-err><![CDATA[Starting ChromeDriver 89.0.4389.23 (61b08ee2c50024bab004e48d2b1b083cdbdac579-refs/branch-heads/4389@{#294}) on port 13555
Only local connections are allowed.
Please see https://chromedriver.chromium.org/security-considerations for suggestions on keeping ChromeDriver safe.
ChromeDriver was started successfully.
Apr 05, 2021 1:39:49 AM org.openqa.selenium.remote.ProtocolHandshake createSession
INFO: Detected dialect: W3C
]]></system-err>
  </testcase>
</testsuite>