<?xml version="1.0" encoding="UTF-8"?>
<!-- Generated by org.testng.reporters.JUnitXMLReporter -->
<testsuite hostname="DESKTOP-BBO84C5" ignored="2" name="NewUserRegistration" tests="1" failures="0" timestamp="2021-04-04T16:30:18 IST" time="9.935" errors="0">
  <testcase name="verifyemailoptionaltag" time="2.556" classname="com.sumanth.frameworklearning.end2endproject.newuserregistration.VerifyEmailIdOptionalTextTest"/>
  <testcase name="verifyIndiaMobileCode" time="0.0" classname="com.sumanth.frameworklearning.end2endproject.newuserregistration.VerifyIndiaMobileCodeTest">
    <ignored/>
  </testcase> <!-- verifyIndiaMobileCode -->
  <testcase name="existingUserRegistration" time="0.0" classname="com.sumanth.frameworklearning.end2endproject.newuserregistration.UserRegisTest">
    <ignored/>
  </testcase> <!-- existingUserRegistration -->
</testsuite> <!-- NewUserRegistration -->
